 &plot nbnd=   8, nks=   401 /
            0.000000  0.000000  0.000000
  -91.128  -91.100   -2.242    4.630   10.204   25.082   25.082   27.940
            0.000000  0.000000  0.003174
  -91.128  -91.100   -2.242    4.629   10.206   25.082   25.082   27.940
            0.000000  0.000000  0.006347
  -91.128  -91.100   -2.242    4.625   10.212   25.082   25.082   27.940
            0.000000  0.000000  0.009521
  -91.128  -91.100   -2.240    4.618   10.221   25.083   25.083   27.939
            0.000000  0.000000  0.012694
  -91.128  -91.100   -2.239    4.608   10.235   25.085   25.085   27.939
            0.000000  0.000000  0.015868
  -91.128  -91.100   -2.237    4.595   10.252   25.087   25.087   27.938
            0.000000  0.000000  0.019042
  -91.128  -91.100   -2.235    4.580   10.272   25.089   25.089   27.938
            0.000000  0.000000  0.022215
  -91.128  -91.100   -2.232    4.562   10.297   25.091   25.091   27.937
            0.000000  0.000000  0.025389
  -91.128  -91.100   -2.229    4.542   10.325   25.094   25.094   27.936
            0.000000  0.000000  0.028562
  -91.128  -91.101   -2.225    4.519   10.356   25.098   25.098   27.934
            0.000000  0.000000  0.031736
  -91.128  -91.101   -2.221    4.494   10.391   25.101   25.101   27.933
            0.000000  0.000000  0.034910
  -91.128  -91.101   -2.216    4.466   10.430   25.106   25.106   27.931
            0.000000  0.000000  0.038083
  -91.128  -91.101   -2.211    4.437   10.471   25.110   25.110   27.930
            0.000000  0.000000  0.041257
  -91.128  -91.101   -2.206    4.405   10.516   25.115   25.115   27.928
            0.000000  0.000000  0.044430
  -91.128  -91.101   -2.200    4.371   10.563   25.120   25.120   27.926
            0.000000  0.000000  0.047604
  -91.128  -91.101   -2.194    4.335   10.614   25.126   25.126   27.924
            0.000000  0.000000  0.050778
  -91.128  -91.101   -2.187    4.297   10.667   25.132   25.132   27.921
            0.000000  0.000000  0.053951
  -91.128  -91.101   -2.180    4.258   10.723   25.139   25.139   27.919
            0.000000  0.000000  0.057125
  -91.127  -91.101   -2.173    4.217   10.782   25.145   25.146   27.916
            0.000000  0.000000  0.060298
  -91.127  -91.101   -2.165    4.174   10.843   25.153   25.153   27.913
            0.000000  0.000000  0.063472
  -91.127  -91.101   -2.156    4.130   10.907   25.160   25.160   27.910
            0.000000  0.000000  0.066646
  -91.127  -91.101   -2.148    4.085   10.973   25.168   25.168   27.907
            0.000000  0.000000  0.069819
  -91.127  -91.101   -2.138    4.039   11.042   25.177   25.177   27.904
            0.000000  0.000000  0.072993
  -91.127  -91.101   -2.129    3.991   11.112   25.186   25.186   27.900
            0.000000  0.000000  0.076166
  -91.127  -91.101   -2.118    3.942   11.185   25.195   25.195   27.896
            0.000000  0.000000  0.079340
  -91.127  -91.101   -2.108    3.892   11.260   25.204   25.204   27.892
            0.000000  0.000000  0.082513
  -91.127  -91.102   -2.097    3.841   11.336   25.214   25.214   27.888
            0.000000  0.000000  0.085687
  -91.127  -91.102   -2.086    3.790   11.415   25.224   25.225   27.883
            0.000000  0.000000  0.088861
  -91.127  -91.102   -2.074    3.737   11.495   25.235   25.235   27.879
            0.000000  0.000000  0.092034
  -91.127  -91.102   -2.061    3.684   11.577   25.246   25.246   27.874
            0.000000  0.000000  0.095208
  -91.126  -91.102   -2.049    3.630   11.661   25.258   25.258   27.868
            0.000000  0.000000  0.098381
  -91.126  -91.102   -2.036    3.576   11.746   25.269   25.269   27.863
            0.000000  0.000000  0.101555
  -91.126  -91.102   -2.022    3.521   11.833   25.281   25.281   27.857
            0.000000  0.000000  0.104729
  -91.126  -91.102   -2.008    3.466   11.921   25.294   25.294   27.851
            0.000000  0.000000  0.107902
  -91.126  -91.102   -1.994    3.410   12.011   25.307   25.307   27.845
            0.000000  0.000000  0.111076
  -91.126  -91.102   -1.979    3.353   12.102   25.320   25.320   27.839
            0.000000  0.000000  0.114249
  -91.126  -91.103   -1.964    3.297   12.194   25.333   25.334   27.832
            0.000000  0.000000  0.117423
  -91.126  -91.103   -1.948    3.240   12.288   25.347   25.347   27.825
            0.000000  0.000000  0.120597
  -91.126  -91.103   -1.932    3.182   12.383   25.362   25.362   27.800
            0.000000  0.000000  0.123770
  -91.125  -91.103   -1.915    3.125   12.479   25.376   25.376   27.696
            0.000000  0.000000  0.126944
  -91.125  -91.103   -1.898    3.067   12.577   25.391   25.391   27.591
            0.000000  0.000000  0.130117
  -91.125  -91.103   -1.881    3.009   12.675   25.406   25.406   27.484
            0.000000  0.000000  0.133291
  -91.125  -91.103   -1.863    2.951   12.775   25.422   25.422   27.375
            0.000000  0.000000  0.136465
  -91.125  -91.103   -1.845    2.893   12.876   25.438   25.438   27.265
            0.000000  0.000000  0.139638
  -91.125  -91.104   -1.826    2.835   12.978   25.454   25.454   27.153
            0.000000  0.000000  0.142812
  -91.125  -91.104   -1.807    2.777   13.081   25.471   25.471   27.040
            0.000000  0.000000  0.145985
  -91.125  -91.104   -1.787    2.719   13.185   25.488   25.488   26.926
            0.000000  0.000000  0.149159
  -91.124  -91.104   -1.767    2.661   13.289   25.505   25.505   26.810
            0.000000  0.000000  0.152333
  -91.124  -91.104   -1.747    2.602   13.395   25.522   25.522   26.693
            0.000000  0.000000  0.155506
  -91.124  -91.104   -1.726    2.544   13.502   25.540   25.540   26.574
            0.000000  0.000000  0.158680
  -91.124  -91.104   -1.704    2.486   13.609   25.558   25.558   26.455
            0.000000  0.000000  0.161853
  -91.124  -91.105   -1.683    2.428   13.718   25.577   25.577   26.335
            0.000000  0.000000  0.165027
  -91.124  -91.105   -1.660    2.370   13.827   25.595   25.596   26.213
            0.000000  0.000000  0.168201
  -91.123  -91.105   -1.638    2.312   13.937   25.614   25.615   26.090
            0.000000  0.000000  0.171374
  -91.123  -91.105   -1.615    2.255   14.048   25.634   25.634   25.967
            0.000000  0.000000  0.174548
  -91.123  -91.105   -1.591    2.197   14.160   25.653   25.654   25.842
            0.000000  0.000000  0.177721
  -91.123  -91.105   -1.567    2.140   14.273   25.673   25.673   25.717
            0.000000  0.000000  0.180895
  -91.123  -91.106   -1.543    2.083   14.386   25.590   25.693   25.694
            0.000000  0.000000  0.184069
  -91.123  -91.106   -1.518    2.026   14.500   25.463   25.714   25.714
            0.000000  0.000000  0.187242
  -91.122  -91.106   -1.493    1.969   14.615   25.335   25.735   25.735
            0.000000  0.000000  0.190416
  -91.122  -91.106   -1.468    1.912   14.730   25.206   25.756   25.756
            0.000000  0.000000  0.193589
  -91.122  -91.106   -1.441    1.856   14.847   25.077   25.777   25.777
            0.000000  0.000000  0.196763
  -91.122  -91.106   -1.415    1.800   14.964   24.947   25.798   25.798
            0.000000  0.000000  0.199937
  -91.122  -91.107   -1.388    1.744   15.081   24.816   25.820   25.820
            0.000000  0.000000  0.203110
  -91.122  -91.107   -1.361    1.688   15.199   24.685   25.842   25.842
            0.000000  0.000000  0.206284
  -91.121  -91.107   -1.333    1.633   15.318   24.553   25.864   25.864
            0.000000  0.000000  0.209457
  -91.121  -91.107   -1.305    1.578   15.438   24.421   25.886   25.886
            0.000000  0.000000  0.212631
  -91.121  -91.107   -1.276    1.523   15.558   24.288   25.909   25.909
            0.000000  0.000000  0.215805
  -91.121  -91.108   -1.247    1.469   15.679   24.155   25.932   25.932
            0.000000  0.000000  0.218978
  -91.121  -91.108   -1.218    1.415   15.800   24.021   25.955   25.955
            0.000000  0.000000  0.222152
  -91.120  -91.108   -1.188    1.361   15.922   23.887   25.978   25.978
            0.000000  0.000000  0.225325
  -91.120  -91.108   -1.157    1.307   16.045   23.752   26.001   26.001
            0.000000  0.000000  0.228499
  -91.120  -91.108   -1.127    1.254   16.168   23.617   26.025   26.025
            0.000000  0.000000  0.231672
  -91.120  -91.108   -1.095    1.201   16.292   23.482   26.049   26.049
            0.000000  0.000000  0.234846
  -91.120  -91.109   -1.064    1.148   16.416   23.347   26.073   26.073
            0.000000  0.000000  0.238020
  -91.119  -91.109   -1.032    1.096   16.541   23.211   26.097   26.097
            0.000000  0.000000  0.241193
  -91.119  -91.109   -0.999    1.044   16.666   23.075   26.121   26.121
            0.000000  0.000000  0.244367
  -91.119  -91.109   -0.966    0.992   16.792   22.939   26.145   26.145
            0.000000  0.000000  0.247540
  -91.119  -91.110   -0.933    0.941   16.918   22.803   26.170   26.170
            0.000000  0.000000  0.250714
  -91.119  -91.110   -0.899    0.890   17.045   22.666   26.195   26.195
            0.000000  0.000000  0.253888
  -91.118  -91.110   -0.865    0.839   17.172   22.530   26.219   26.219
            0.000000  0.000000  0.257061
  -91.118  -91.110   -0.831    0.789   17.300   22.393   26.244   26.244
            0.000000  0.000000  0.260235
  -91.118  -91.110   -0.796    0.739   17.428   22.256   26.269   26.269
            0.000000  0.000000  0.263408
  -91.118  -91.111   -0.760    0.690   17.557   22.120   26.294   26.294
            0.000000  0.000000  0.266582
  -91.118  -91.111   -0.724    0.641   17.686   21.983   26.320   26.320
            0.000000  0.000000  0.269756
  -91.117  -91.111   -0.688    0.592   17.816   21.846   26.345   26.345
            0.000000  0.000000  0.272929
  -91.117  -91.111   -0.651    0.543   17.946   21.709   26.370   26.370
            0.000000  0.000000  0.276103
  -91.117  -91.111   -0.614    0.495   18.076   21.572   26.396   26.396
            0.000000  0.000000  0.279276
  -91.117  -91.112   -0.577    0.448   18.207   21.435   26.421   26.421
            0.000000  0.000000  0.282450
  -91.117  -91.112   -0.539    0.400   18.338   21.299   26.447   26.447
            0.000000  0.000000  0.285624
  -91.116  -91.112   -0.500    0.354   18.470   21.162   26.472   26.472
            0.000000  0.000000  0.288797
  -91.116  -91.112   -0.461    0.307   18.601   21.026   26.498   26.498
            0.000000  0.000000  0.291971
  -91.116  -91.112   -0.422    0.261   18.734   20.889   26.523   26.523
            0.000000  0.000000  0.295144
  -91.116  -91.113   -0.383    0.215   18.866   20.753   26.549   26.549
            0.000000  0.000000  0.298318
  -91.115  -91.113   -0.343    0.170   18.999   20.617   26.574   26.574
            0.000000  0.000000  0.301492
  -91.115  -91.113   -0.302    0.125   19.133   20.481   26.600   26.600
            0.000000  0.000000  0.304665
  -91.115  -91.113   -0.261    0.080   19.266   20.345   26.626   26.626
            0.000000  0.000000  0.307839
  -91.115  -91.114   -0.220    0.036   19.400   20.209   26.651   26.651
            0.000000  0.000000  0.311012
  -91.115  -91.114   -0.178   -0.007   19.534   20.074   26.677   26.677
            0.000000  0.000000  0.314186
  -91.114  -91.114   -0.136   -0.051   19.669   19.939   26.702   26.702
            0.000000  0.000000  0.317360
  -91.114  -91.114   -0.094   -0.094   19.804   19.804   26.727   26.727
            0.003333  0.005774  0.314186
  -91.114  -91.114   -0.135   -0.050   19.669   19.939   26.697   26.698
            0.006667  0.011547  0.311012
  -91.115  -91.114   -0.174   -0.003   19.536   20.075   26.656   26.661
            0.010000  0.017321  0.307839
  -91.115  -91.113   -0.211    0.045   19.403   20.211   26.605   26.615
            0.013333  0.023094  0.304665
  -91.115  -91.113   -0.246    0.096   19.271   20.348   26.543   26.560
            0.016667  0.028868  0.301492
  -91.115  -91.113   -0.278    0.150   19.141   20.486   26.470   26.496
            0.020000  0.034641  0.298318
  -91.115  -91.113   -0.307    0.205   19.011   20.623   26.385   26.422
            0.023333  0.040415  0.295144
  -91.115  -91.112   -0.335    0.263   18.882   20.761   26.291   26.338
            0.026667  0.046188  0.291971
  -91.116  -91.112   -0.360    0.324   18.755   20.899   26.185   26.246
            0.030000  0.051962  0.288797
  -91.116  -91.112   -0.383    0.387   18.629   21.035   26.070   26.144
            0.033333  0.057735  0.285624
  -91.116  -91.112   -0.403    0.452   18.503   21.172   25.945   26.033
            0.036667  0.063509  0.282450
  -91.116  -91.111   -0.421    0.520   18.379   21.307   25.811   25.913
            0.040000  0.069282  0.279276
  -91.116  -91.111   -0.437    0.590   18.257   21.440   25.668   25.786
            0.043333  0.075056  0.276103
  -91.116  -91.111   -0.450    0.662   18.135   21.571   25.517   25.651
            0.046667  0.080829  0.272929
  -91.116  -91.110   -0.462    0.737   18.014   21.699   25.359   25.510
            0.050000  0.086603  0.269756
  -91.116  -91.110   -0.470    0.814   17.895   21.822   25.194   25.364
            0.053333  0.092376  0.266582
  -91.116  -91.110   -0.477    0.894   17.777   21.940   25.023   25.215
            0.056667  0.098150  0.263408
  -91.116  -91.109   -0.481    0.976   17.660   22.051   24.846   25.064
            0.060000  0.103923  0.260235
  -91.116  -91.109   -0.483    1.060   17.544   22.152   24.664   24.915
            0.063333  0.109697  0.257061
  -91.116  -91.109   -0.482    1.147   17.429   22.240   24.478   24.769
            0.066667  0.115470  0.253888
  -91.116  -91.108   -0.479    1.236   17.316   22.311   24.287   24.632
            0.070000  0.121244  0.250714
  -91.116  -91.108   -0.474    1.328   17.203   22.359   24.093   24.508
            0.073333  0.127017  0.247540
  -91.116  -91.108   -0.467    1.422   17.092   22.379   23.895   24.404
            0.076667  0.132791  0.244367
  -91.116  -91.107   -0.457    1.519   16.982   22.365   23.695   24.323
            0.080000  0.138564  0.241193
  -91.116  -91.107   -0.445    1.617   16.872   22.313   23.493   24.269
            0.083333  0.144338  0.238020
  -91.116  -91.107   -0.430    1.719   16.764   22.224   23.288   24.240
            0.086667  0.150111  0.234846
  -91.116  -91.106   -0.413    1.822   16.657   22.101   23.083   24.231
            0.090000  0.155885  0.231672
  -91.116  -91.106   -0.394    1.929   16.550   21.949   22.876   24.233
            0.093333  0.161658  0.228499
  -91.116  -91.106   -0.373    2.037   16.445   21.773   22.669   24.237
            0.096667  0.167432  0.225325
  -91.116  -91.105   -0.349    2.148   16.340   21.579   22.461   24.234
            0.100000  0.173205  0.222152
  -91.116  -91.105   -0.323    2.261   16.237   21.372   22.253   24.217
            0.103333  0.178979  0.218978
  -91.116  -91.105   -0.295    2.377   16.134   21.154   22.046   24.184
            0.106667  0.184752  0.215805
  -91.116  -91.104   -0.264    2.495   16.032   20.927   21.839   24.134
            0.110000  0.190526  0.212631
  -91.116  -91.104   -0.231    2.615   15.930   20.694   21.633   24.069
            0.113333  0.196299  0.209457
  -91.115  -91.104   -0.195    2.738   15.829   20.456   21.428   23.992
            0.116667  0.202073  0.206284
  -91.115  -91.103   -0.158    2.863   15.729   20.214   21.224   23.907
            0.120000  0.207846  0.203110
  -91.115  -91.103   -0.118    2.991   15.630   19.969   21.022   23.815
            0.123333  0.213620  0.199937
  -91.115  -91.103   -0.075    3.120   15.531   19.722   20.821   23.717
            0.126667  0.219393  0.196763
  -91.115  -91.102   -0.030    3.252   15.433   19.474   20.623   23.617
            0.130000  0.225167  0.193589
  -91.115  -91.102    0.017    3.387   15.335   19.224   20.427   23.513
            0.133333  0.230940  0.190416
  -91.114  -91.102    0.066    3.524   15.237   18.974   20.233   23.407
            0.136667  0.236714  0.187242
  -91.114  -91.101    0.118    3.663   15.140   18.723   20.042   23.300
            0.140000  0.242487  0.184069
  -91.114  -91.101    0.172    3.804   15.043   18.472   19.854   23.191
            0.143333  0.248261  0.180895
  -91.114  -91.101    0.228    3.947   14.946   18.222   19.669   23.081
            0.146667  0.254034  0.177721
  -91.114  -91.101    0.287    4.093   14.850   17.972   19.488   22.971
            0.150000  0.259808  0.174548
  -91.113  -91.100    0.348    4.240   14.753   17.723   19.309   22.859
            0.153333  0.265581  0.171374
  -91.113  -91.100    0.412    4.390   14.657   17.474   19.134   22.748
            0.156667  0.271355  0.168201
  -91.113  -91.100    0.478    4.542   14.561   17.227   18.963   22.635
            0.160000  0.277128  0.165027
  -91.113  -91.100    0.546    4.696   14.464   16.981   18.796   22.522
            0.163333  0.282902  0.161853
  -91.112  -91.099    0.616    4.852   14.368   16.736   18.633   22.409
            0.166667  0.288675  0.158680
  -91.112  -91.099    0.689    5.010   14.272   16.493   18.474   22.295
            0.170000  0.294449  0.155506
  -91.112  -91.099    0.765    5.169   14.175   16.251   18.319   22.181
            0.173333  0.300222  0.152333
  -91.111  -91.099    0.842    5.331   14.079   16.011   18.169   22.066
            0.176666  0.305996  0.149159
  -91.111  -91.098    0.922    5.494   13.982   15.773   18.023   21.951
            0.180000  0.311769  0.145985
  -91.111  -91.098    1.005    5.659   13.886   15.536   17.882   21.835
            0.183333  0.317543  0.142812
  -91.111  -91.098    1.090    5.825   13.789   15.302   17.745   21.718
            0.186666  0.323316  0.139638
  -91.110  -91.098    1.177    5.992   13.693   15.069   17.614   21.601
            0.190000  0.329090  0.136465
  -91.110  -91.098    1.267    6.161   13.597   14.839   17.487   21.483
            0.193333  0.334863  0.133291
  -91.110  -91.098    1.359    6.331   13.501   14.611   17.365   21.364
            0.196666  0.340637  0.130117
  -91.109  -91.097    1.453    6.501   13.406   14.384   17.248   21.245
            0.200000  0.346410  0.126944
  -91.109  -91.097    1.550    6.672   13.312   14.160   17.137   21.124
            0.203333  0.352184  0.123770
  -91.109  -91.097    1.649    6.844   13.219   13.939   17.030   21.003
            0.206666  0.357957  0.120597
  -91.109  -91.097    1.750    7.015   13.128   13.719   16.928   20.880
            0.210000  0.363731  0.117423
  -91.108  -91.097    1.854    7.186   13.038   13.502   16.831   20.757
            0.213333  0.369504  0.114249
  -91.108  -91.097    1.961    7.357   12.951   13.288   16.738   20.632
            0.216666  0.375278  0.111076
  -91.108  -91.097    2.069    7.525   12.867   13.076   16.651   20.507
            0.220000  0.381051  0.107902
  -91.107  -91.097    2.181    7.692   12.786   12.866   16.569   20.380
            0.223333  0.386825  0.104729
  -91.107  -91.096    2.294    7.857   12.659   12.709   16.491   20.252
            0.226666  0.392598  0.101555
  -91.107  -91.096    2.410    8.018   12.454   12.638   16.417   20.123
            0.230000  0.398372  0.098381
  -91.106  -91.096    2.528    8.174   12.252   12.573   16.349   19.992
            0.233333  0.404145  0.095208
  -91.106  -91.096    2.649    8.325   12.053   12.515   16.284   19.861
            0.236666  0.409919  0.092034
  -91.106  -91.096    2.772    8.469   11.856   12.466   16.224   19.728
            0.240000  0.415692  0.088861
  -91.105  -91.096    2.897    8.604   11.661   12.427   16.169   19.594
            0.243333  0.421466  0.085687
  -91.105  -91.096    3.025    8.729   11.470   12.400   16.117   19.460
            0.246666  0.427239  0.082513
  -91.105  -91.096    3.155    8.843   11.281   12.387   16.070   19.324
            0.250000  0.433013  0.079340
  -91.105  -91.096    3.287    8.943   11.095   12.389   16.026   19.187
            0.253333  0.438786  0.076166
  -91.104  -91.096    3.421    9.029   10.912   12.407   15.987   19.050
            0.256666  0.444560  0.072993
  -91.104  -91.096    3.558    9.099   10.732   12.443   15.951   18.912
            0.260000  0.450333  0.069819
  -91.104  -91.096    3.697    9.152   10.554   12.498   15.919   18.773
            0.263333  0.456107  0.066646
  -91.103  -91.096    3.838    9.189   10.380   12.570   15.890   18.633
            0.266666  0.461880  0.063472
  -91.103  -91.096    3.982    9.210   10.208   12.661   15.865   18.494
            0.270000  0.467654  0.060298
  -91.103  -91.096    4.127    9.215   10.040   12.768   15.843   18.353
            0.273333  0.473427  0.057125
  -91.103  -91.096    4.274    9.207    9.874   12.889   15.824   18.213
            0.276666  0.479201  0.053951
  -91.102  -91.097    4.423    9.187    9.712   13.025   15.809   18.073
            0.280000  0.484974  0.050778
  -91.102  -91.097    4.574    9.156    9.553   13.171   15.796   17.932
            0.283333  0.490748  0.047604
  -91.102  -91.097    4.727    9.116    9.398   13.327   15.787   17.792
            0.286666  0.496521  0.044430
  -91.102  -91.097    4.881    9.068    9.247   13.492   15.780   17.652
            0.290000  0.502295  0.041257
  -91.101  -91.097    5.036    9.014    9.099   13.662   15.776   17.513
            0.293333  0.508068  0.038083
  -91.101  -91.097    5.192    8.955    8.956   13.837   15.774   17.374
            0.296666  0.513842  0.034910
  -91.101  -91.097    5.349    8.817    8.891   14.015   15.775   17.236
            0.300000  0.519615  0.031736
  -91.101  -91.097    5.505    8.684    8.824   14.194   15.778   17.098
            0.303333  0.525389  0.028562
  -91.100  -91.097    5.661    8.556    8.755   14.374   15.783   16.962
            0.306666  0.531162  0.025389
  -91.100  -91.097    5.815    8.435    8.683   14.553   15.789   16.826
            0.310000  0.536936  0.022215
  -91.100  -91.098    5.965    8.323    8.610   14.730   15.797   16.692
            0.313333  0.542709  0.019042
  -91.100  -91.098    6.110    8.222    8.535   14.902   15.806   16.559
            0.316666  0.548483  0.015868
  -91.100  -91.098    6.246    8.134    8.460   15.070   15.815   16.427
            0.320000  0.554256  0.012694
  -91.099  -91.098    6.369    8.065    8.384   15.231   15.824   16.297
            0.323333  0.560030  0.009521
  -91.099  -91.098    6.473    8.019    8.308   15.385   15.833   16.169
            0.326666  0.565803  0.006347
  -91.099  -91.098    6.551    8.003    8.232   15.531   15.840   16.042
            0.330000  0.571577  0.003174
  -91.099  -91.099    6.600    8.023    8.156   15.667   15.846   15.917
            0.333333  0.577350  0.000000
  -91.099  -91.099    6.615    8.080    8.081   15.794   15.794   15.848
            0.333333  0.577350  0.003174
  -91.099  -91.099    6.615    8.080    8.081   15.794   15.794   15.845
            0.333333  0.577350  0.006347
  -91.099  -91.099    6.616    8.080    8.080   15.794   15.794   15.839
            0.333333  0.577350  0.009521
  -91.099  -91.099    6.618    8.080    8.080   15.793   15.793   15.828
            0.333333  0.577350  0.012694
  -91.099  -91.099    6.620    8.080    8.080   15.792   15.792   15.812
            0.333333  0.577350  0.015868
  -91.099  -91.099    6.622    8.080    8.080   15.791   15.791   15.793
            0.333333  0.577350  0.019042
  -91.099  -91.099    6.625    8.079    8.079   15.769   15.790   15.790
            0.333333  0.577350  0.022215
  -91.099  -91.099    6.629    8.079    8.079   15.742   15.789   15.789
            0.333333  0.577350  0.025389
  -91.099  -91.099    6.633    8.078    8.079   15.710   15.787   15.787
            0.333333  0.577350  0.028562
  -91.099  -91.099    6.638    8.078    8.078   15.675   15.785   15.785
            0.333333  0.577350  0.031736
  -91.099  -91.099    6.644    8.077    8.077   15.636   15.783   15.783
            0.333333  0.577350  0.034910
  -91.099  -91.099    6.650    8.077    8.077   15.594   15.781   15.781
            0.333333  0.577350  0.038083
  -91.099  -91.099    6.656    8.076    8.076   15.549   15.778   15.778
            0.333333  0.577350  0.041257
  -91.099  -91.099    6.664    8.075    8.075   15.501   15.775   15.775
            0.333333  0.577350  0.044430
  -91.099  -91.099    6.671    8.074    8.074   15.451   15.772   15.772
            0.333333  0.577350  0.047604
  -91.099  -91.099    6.680    8.073    8.074   15.397   15.769   15.769
            0.333333  0.577350  0.050778
  -91.099  -91.099    6.688    8.072    8.073   15.341   15.766   15.766
            0.333333  0.577350  0.053951
  -91.099  -91.099    6.698    8.071    8.072   15.283   15.762   15.762
            0.333333  0.577350  0.057125
  -91.099  -91.099    6.708    8.070    8.071   15.223   15.759   15.759
            0.333333  0.577350  0.060298
  -91.099  -91.099    6.718    8.069    8.069   15.161   15.755   15.755
            0.333333  0.577350  0.063472
  -91.099  -91.099    6.730    8.068    8.068   15.097   15.751   15.751
            0.333333  0.577350  0.066646
  -91.099  -91.099    6.741    8.067    8.067   15.032   15.747   15.747
            0.333333  0.577350  0.069819
  -91.099  -91.099    6.754    8.066    8.066   14.965   15.742   15.742
            0.333333  0.577350  0.072993
  -91.099  -91.099    6.767    8.064    8.064   14.897   15.738   15.738
            0.333333  0.577350  0.076166
  -91.099  -91.099    6.780    8.063    8.063   14.827   15.733   15.733
            0.333333  0.577350  0.079340
  -91.099  -91.099    6.794    8.061    8.062   14.757   15.728   15.728
            0.333333  0.577350  0.082513
  -91.099  -91.099    6.809    8.060    8.060   14.685   15.723   15.723
            0.333333  0.577350  0.085687
  -91.099  -91.099    6.824    8.059    8.059   14.613   15.718   15.718
            0.333333  0.577350  0.088861
  -91.099  -91.099    6.839    8.057    8.057   14.539   15.713   15.713
            0.333333  0.577350  0.092034
  -91.099  -91.099    6.856    8.055    8.056   14.465   15.708   15.708
            0.333333  0.577350  0.095208
  -91.099  -91.099    6.873    8.054    8.054   14.390   15.702   15.703
            0.333333  0.577350  0.098381
  -91.099  -91.099    6.890    8.052    8.052   14.315   15.697   15.697
            0.333333  0.577350  0.101555
  -91.099  -91.099    6.908    8.050    8.051   14.239   15.691   15.691
            0.333333  0.577350  0.104729
  -91.099  -91.099    6.927    8.049    8.049   14.163   15.686   15.686
            0.333333  0.577350  0.107902
  -91.099  -91.099    6.946    8.047    8.047   14.086   15.680   15.680
            0.333333  0.577350  0.111076
  -91.099  -91.099    6.965    8.045    8.045   14.009   15.674   15.674
            0.333333  0.577350  0.114249
  -91.099  -91.099    6.986    8.043    8.043   13.932   15.668   15.668
            0.333333  0.577350  0.117423
  -91.099  -91.099    7.007    8.041    8.042   13.854   15.662   15.662
            0.333333  0.577350  0.120597
  -91.099  -91.099    7.028    8.040    8.040   13.776   15.656   15.656
            0.333333  0.577350  0.123770
  -91.099  -91.099    7.050    8.038    8.038   13.698   15.650   15.650
            0.333333  0.577350  0.126944
  -91.099  -91.099    7.073    8.036    8.036   13.620   15.644   15.644
            0.333333  0.577350  0.130117
  -91.099  -91.099    7.096    8.034    8.034   13.542   15.638   15.638
            0.333333  0.577350  0.133291
  -91.099  -91.099    7.119    8.032    8.032   13.464   15.632   15.632
            0.333333  0.577350  0.136465
  -91.099  -91.099    7.144    8.030    8.030   13.386   15.626   15.626
            0.333333  0.577350  0.139638
  -91.099  -91.099    7.168    8.028    8.028   13.308   15.620   15.620
            0.333333  0.577350  0.142812
  -91.099  -91.099    7.194    8.026    8.026   13.230   15.614   15.614
            0.333333  0.577350  0.145985
  -91.099  -91.099    7.220    8.024    8.024   13.152   15.608   15.608
            0.333333  0.577350  0.149159
  -91.099  -91.099    7.246    8.022    8.022   13.074   15.602   15.602
            0.333333  0.577350  0.152333
  -91.099  -91.099    7.273    8.020    8.020   12.997   15.595   15.596
            0.333333  0.577350  0.155506
  -91.099  -91.099    7.301    8.018    8.018   12.919   15.589   15.589
            0.333333  0.577350  0.158680
  -91.099  -91.099    7.329    8.016    8.016   12.842   15.583   15.583
            0.333333  0.577350  0.161853
  -91.099  -91.099    7.358    8.014    8.014   12.765   15.577   15.577
            0.333333  0.577350  0.165027
  -91.099  -91.099    7.387    8.012    8.012   12.688   15.571   15.571
            0.333333  0.577350  0.168201
  -91.099  -91.099    7.417    8.010    8.010   12.611   15.565   15.565
            0.333333  0.577350  0.171374
  -91.099  -91.099    7.448    8.008    8.008   12.535   15.559   15.560
            0.333333  0.577350  0.174548
  -91.099  -91.099    7.479    8.006    8.006   12.459   15.554   15.554
            0.333333  0.577350  0.177721
  -91.099  -91.099    7.511    8.004    8.004   12.383   15.548   15.548
            0.333333  0.577350  0.180895
  -91.099  -91.099    7.543    8.002    8.002   12.307   15.542   15.542
            0.333333  0.577350  0.184069
  -91.099  -91.099    7.575    8.000    8.000   12.232   15.536   15.537
            0.333333  0.577350  0.187242
  -91.099  -91.099    7.609    7.998    7.998   12.157   15.531   15.531
            0.333333  0.577350  0.190416
  -91.099  -91.099    7.643    7.996    7.996   12.083   15.525   15.525
            0.333333  0.577350  0.193589
  -91.099  -91.099    7.677    7.994    7.994   12.008   15.520   15.520
            0.333333  0.577350  0.196763
  -91.099  -91.099    7.712    7.992    7.992   11.934   15.515   15.515
            0.333333  0.577350  0.199937
  -91.099  -91.099    7.748    7.990    7.991   11.861   15.509   15.509
            0.333333  0.577350  0.203110
  -91.099  -91.099    7.784    7.989    7.989   11.788   15.504   15.504
            0.333333  0.577350  0.206284
  -91.099  -91.099    7.820    7.987    7.987   11.715   15.499   15.499
            0.333333  0.577350  0.209457
  -91.099  -91.099    7.858    7.985    7.985   11.643   15.494   15.494
            0.333333  0.577350  0.212631
  -91.099  -91.099    7.895    7.983    7.983   11.571   15.489   15.490
            0.333333  0.577350  0.215805
  -91.099  -91.099    7.934    7.982    7.982   11.499   15.485   15.485
            0.333333  0.577350  0.218978
  -91.099  -91.099    7.973    7.980    7.980   11.428   15.480   15.480
            0.333333  0.577350  0.222152
  -91.099  -91.099    7.978    7.978    8.012   11.357   15.476   15.476
            0.333333  0.577350  0.225325
  -91.099  -91.099    7.977    7.977    8.052   11.287   15.471   15.471
            0.333333  0.577350  0.228499
  -91.099  -91.099    7.975    7.975    8.093   11.217   15.467   15.467
            0.333333  0.577350  0.231672
  -91.099  -91.099    7.974    7.974    8.134   11.147   15.463   15.463
            0.333333  0.577350  0.234846
  -91.099  -91.099    7.972    7.972    8.175   11.078   15.459   15.459
            0.333333  0.577350  0.238020
  -91.099  -91.099    7.971    7.971    8.218   11.010   15.455   15.455
            0.333333  0.577350  0.241193
  -91.099  -91.099    7.969    7.969    8.260   10.941   15.451   15.451
            0.333333  0.577350  0.244367
  -91.099  -91.099    7.968    7.968    8.304   10.874   15.448   15.448
            0.333333  0.577350  0.247540
  -91.099  -91.099    7.967    7.967    8.348   10.806   15.444   15.444
            0.333333  0.577350  0.250714
  -91.099  -91.099    7.965    7.965    8.392   10.740   15.441   15.441
            0.333333  0.577350  0.253888
  -91.099  -91.099    7.964    7.964    8.437   10.673   15.438   15.438
            0.333333  0.577350  0.257061
  -91.099  -91.099    7.963    7.963    8.483   10.608   15.435   15.435
            0.333333  0.577350  0.260235
  -91.099  -91.099    7.962    7.962    8.529   10.542   15.432   15.432
            0.333333  0.577350  0.263408
  -91.099  -91.099    7.961    7.961    8.575   10.477   15.429   15.429
            0.333333  0.577350  0.266582
  -91.099  -91.099    7.960    7.960    8.622   10.413   15.426   15.426
            0.333333  0.577350  0.269756
  -91.099  -91.099    7.959    7.959    8.670   10.349   15.424   15.424
            0.333333  0.577350  0.272929
  -91.099  -91.099    7.958    7.958    8.718   10.286   15.422   15.422
            0.333333  0.577350  0.276103
  -91.099  -91.099    7.957    7.957    8.767   10.223   15.420   15.420
            0.333333  0.577350  0.279276
  -91.099  -91.099    7.956    7.956    8.817   10.160   15.418   15.418
            0.333333  0.577350  0.282450
  -91.099  -91.099    7.956    7.956    8.866   10.098   15.416   15.416
            0.333333  0.577350  0.285624
  -91.099  -91.099    7.955    7.955    8.917   10.037   15.414   15.414
            0.333333  0.577350  0.288797
  -91.099  -91.099    7.955    7.955    8.968    9.976   15.412   15.412
            0.333333  0.577350  0.291971
  -91.099  -91.099    7.954    7.954    9.019    9.916   15.411   15.411
            0.333333  0.577350  0.295144
  -91.099  -91.099    7.954    7.954    9.071    9.856   15.410   15.410
            0.333333  0.577350  0.298318
  -91.099  -91.099    7.953    7.953    9.124    9.796   15.409   15.409
            0.333333  0.577350  0.301492
  -91.099  -91.099    7.953    7.953    9.177    9.737   15.408   15.408
            0.333333  0.577350  0.304665
  -91.099  -91.099    7.952    7.952    9.231    9.679   15.407   15.407
            0.333333  0.577350  0.307839
  -91.099  -91.099    7.952    7.952    9.285    9.621   15.407   15.407
            0.333333  0.577350  0.311012
  -91.099  -91.099    7.952    7.952    9.340    9.564   15.406   15.406
            0.333333  0.577350  0.314186
  -91.099  -91.099    7.952    7.952    9.395    9.507   15.406   15.406
            0.333333  0.577350  0.317360
  -91.099  -91.099    7.952    7.952    9.451    9.451   15.406   15.406
            0.335000  0.574463  0.314186
  -91.099  -91.099    7.949    7.950    9.398    9.509   15.406   15.408
            0.336666  0.571577  0.311012
  -91.099  -91.099    7.940    7.943    9.351    9.573   15.406   15.413
            0.338333  0.568690  0.307839
  -91.099  -91.099    7.927    7.931    9.311    9.640   15.405   15.421
            0.340000  0.565803  0.304665
  -91.099  -91.099    7.910    7.914    9.278    9.710   15.405   15.433
            0.341666  0.562916  0.301492
  -91.099  -91.099    7.890    7.891    9.253    9.783   15.405   15.449
            0.343333  0.560030  0.298318
  -91.099  -91.099    7.862    7.867    9.235    9.857   15.404   15.469
            0.345000  0.557143  0.295144
  -91.099  -91.099    7.827    7.842    9.224    9.932   15.403   15.492
            0.346666  0.554256  0.291971
  -91.099  -91.099    7.787    7.815    9.221   10.008   15.403   15.519
            0.348333  0.551369  0.288797
  -91.099  -91.099    7.742    7.786    9.224   10.084   15.402   15.549
            0.350000  0.548483  0.285624
  -91.099  -91.099    7.693    7.756    9.233   10.159   15.401   15.584
            0.351666  0.545596  0.282450
  -91.099  -91.099    7.640    7.726    9.247   10.235   15.400   15.622
            0.353333  0.542709  0.279276
  -91.099  -91.099    7.583    7.694    9.267   10.309   15.399   15.664
            0.355000  0.539822  0.276103
  -91.099  -91.099    7.525    7.662    9.290   10.383   15.398   15.711
            0.356666  0.536936  0.272929
  -91.099  -91.099    7.463    7.630    9.318   10.456   15.397   15.761
            0.358333  0.534049  0.269756
  -91.099  -91.099    7.400    7.597    9.349   10.527   15.395   15.814
            0.360000  0.531162  0.266582
  -91.099  -91.099    7.336    7.564    9.384   10.597   15.394   15.872
            0.361666  0.528275  0.263408
  -91.099  -91.098    7.271    7.531    9.421   10.666   15.393   15.934
            0.363333  0.525389  0.260235
  -91.099  -91.098    7.205    7.498    9.460   10.734   15.392   15.999
            0.365000  0.522502  0.257061
  -91.099  -91.098    7.138    7.464    9.502   10.800   15.390   16.068
            0.366666  0.519615  0.253888
  -91.099  -91.098    7.071    7.431    9.545   10.864   15.389   16.140
            0.368333  0.516728  0.250714
  -91.099  -91.098    7.003    7.398    9.591   10.927   15.388   16.216
            0.370000  0.513842  0.247540
  -91.099  -91.098    6.936    7.365    9.638   10.989   15.387   16.295
            0.371666  0.510955  0.244367
  -91.100  -91.098    6.869    7.332    9.687   11.049   15.386   16.377
            0.373333  0.508068  0.241193
  -91.100  -91.098    6.801    7.299    9.737   11.108   15.385   16.463
            0.375000  0.505181  0.238020
  -91.100  -91.098    6.735    7.266    9.788   11.166   15.384   16.551
            0.376666  0.502295  0.234846
  -91.100  -91.098    6.668    7.233    9.841   11.222   15.383   16.642
            0.378333  0.499408  0.231672
  -91.100  -91.098    6.602    7.201    9.895   11.278   15.382   16.735
            0.380000  0.496521  0.228499
  -91.100  -91.098    6.536    7.169    9.949   11.332   15.382   16.831
            0.381666  0.493634  0.225325
  -91.100  -91.098    6.471    7.137   10.005   11.385   15.382   16.929
            0.383333  0.490748  0.222152
  -91.100  -91.098    6.407    7.106   10.062   11.437   15.382   17.029
            0.385000  0.487861  0.218978
  -91.100  -91.098    6.343    7.075   10.119   11.488   15.382   17.131
            0.386666  0.484974  0.215805
  -91.100  -91.098    6.280    7.044   10.177   11.538   15.383   17.234
            0.388333  0.482087  0.212631
  -91.100  -91.098    6.217    7.013   10.236   11.588   15.384   17.339
            0.390000  0.479201  0.209457
  -91.100  -91.098    6.155    6.983   10.295   11.637   15.386   17.444
            0.391666  0.476314  0.206284
  -91.101  -91.098    6.094    6.953   10.355   11.685   15.388   17.550
            0.393333  0.473427  0.203110
  -91.101  -91.098    6.034    6.924   10.415   11.733   15.390   17.656
            0.395000  0.470540  0.199937
  -91.101  -91.098    5.974    6.895   10.476   11.780   15.393   17.762
            0.396666  0.467654  0.196763
  -91.101  -91.098    5.916    6.866   10.537   11.828   15.396   17.868
            0.398333  0.464767  0.193589
  -91.101  -91.098    5.858    6.837   10.599   11.874   15.401   17.972
            0.400000  0.461880  0.190416
  -91.101  -91.098    5.801    6.809   10.661   11.921   15.405   18.076
            0.401666  0.458993  0.187242
  -91.101  -91.098    5.744    6.782   10.723   11.968   15.411   18.178
            0.403333  0.456107  0.184069
  -91.101  -91.098    5.689    6.755   10.785   12.014   15.417   18.278
            0.405000  0.453220  0.180895
  -91.101  -91.098    5.634    6.728   10.847   12.061   15.425   18.375
            0.406666  0.450333  0.177721
  -91.101  -91.098    5.581    6.701   10.909   12.107   15.433   18.469
            0.408333  0.447446  0.174548
  -91.101  -91.097    5.528    6.675   10.971   12.154   15.442   18.559
            0.410000  0.444560  0.171374
  -91.102  -91.097    5.476    6.650   11.033   12.201   15.452   18.644
            0.411666  0.441673  0.168201
  -91.102  -91.097    5.425    6.625   11.094   12.248   15.464   18.724
            0.413333  0.438786  0.165027
  -91.102  -91.097    5.375    6.600   11.156   12.296   15.476   18.799
            0.415000  0.435899  0.161853
  -91.102  -91.097    5.326    6.576   11.217   12.343   15.490   18.866
            0.416667  0.433013  0.158680
  -91.102  -91.097    5.278    6.552   11.277   12.391   15.505   18.927
            0.418333  0.430126  0.155506
  -91.102  -91.097    5.230    6.528   11.337   12.440   15.522   18.980
            0.420000  0.427239  0.152333
  -91.102  -91.097    5.184    6.505   11.396   12.489   15.540   19.025
            0.421667  0.424352  0.149159
  -91.102  -91.097    5.138    6.483   11.455   12.538   15.560   19.061
            0.423333  0.421466  0.145985
  -91.102  -91.097    5.094    6.461   11.512   12.588   15.581   19.087
            0.425000  0.418579  0.142812
  -91.102  -91.097    5.050    6.439   11.569   12.639   15.605   19.105
            0.426667  0.415692  0.139638
  -91.102  -91.097    5.007    6.418   11.625   12.690   15.630   19.113
            0.428333  0.412805  0.136465
  -91.103  -91.097    4.966    6.397   11.680   12.742   15.657   19.112
            0.430000  0.409919  0.133291
  -91.103  -91.097    4.925    6.377   11.734   12.794   15.686   19.101
            0.431667  0.407032  0.130117
  -91.103  -91.097    4.885    6.357   11.786   12.847   15.717   19.082
            0.433333  0.404145  0.126944
  -91.103  -91.097    4.846    6.338   11.838   12.900   15.750   19.055
            0.435000  0.401258  0.123770
  -91.103  -91.097    4.808    6.319   11.888   12.955   15.785   19.020
            0.436667  0.398372  0.120597
  -91.103  -91.097    4.771    6.300   11.936   13.010   15.823   18.978
            0.438333  0.395485  0.117423
  -91.103  -91.097    4.735    6.282   11.983   13.066   15.863   18.930
            0.440000  0.392598  0.114249
  -91.103  -91.097    4.700    6.265   12.029   13.122   15.905   18.875
            0.441667  0.389711  0.111076
  -91.103  -91.097    4.666    6.248   12.073   13.179   15.950   18.815
            0.443333  0.386825  0.107902
  -91.103  -91.097    4.632    6.231   12.116   13.237   15.997   18.750
            0.445000  0.383938  0.104729
  -91.103  -91.097    4.600    6.215   12.157   13.296   16.047   18.681
            0.446667  0.381051  0.101555
  -91.104  -91.097    4.569    6.199   12.196   13.356   16.099   18.608
            0.448333  0.378164  0.098381
  -91.104  -91.097    4.538    6.184   12.233   13.416   16.153   18.532
            0.450000  0.375278  0.095208
  -91.104  -91.096    4.509    6.170   12.269   13.478   16.210   18.453
            0.451667  0.372391  0.092034
  -91.104  -91.096    4.481    6.155   12.304   13.540   16.270   18.371
            0.453333  0.369504  0.088861
  -91.104  -91.096    4.453    6.142   12.336   13.603   16.331   18.287
            0.455000  0.366617  0.085687
  -91.104  -91.096    4.427    6.128   12.367   13.666   16.395   18.201
            0.456667  0.363731  0.082513
  -91.104  -91.096    4.401    6.116   12.397   13.731   16.462   18.114
            0.458333  0.360844  0.079340
  -91.104  -91.096    4.377    6.103   12.424   13.796   16.531   18.024
            0.460000  0.357957  0.076166
  -91.104  -91.096    4.353    6.091   12.450   13.863   16.602   17.934
            0.461667  0.355070  0.072993
  -91.104  -91.096    4.330    6.080   12.475   13.930   16.675   17.843
            0.463333  0.352184  0.069819
  -91.104  -91.096    4.309    6.069   12.498   13.998   16.750   17.751
            0.465000  0.349297  0.066646
  -91.104  -91.096    4.288    6.059   12.520   14.067   16.827   17.658
            0.466667  0.346410  0.063472
  -91.104  -91.096    4.268    6.049   12.540   14.137   16.906   17.565
            0.468333  0.343523  0.060298
  -91.104  -91.096    4.249    6.039   12.559   14.207   16.987   17.472
            0.470000  0.340637  0.057125
  -91.104  -91.096    4.231    6.031   12.577   14.279   17.070   17.378
            0.471667  0.337750  0.053951
  -91.104  -91.096    4.215    6.022   12.593   14.351   17.154   17.284
            0.473333  0.334863  0.050778
  -91.105  -91.096    4.199    6.014   12.608   14.424   17.190   17.240
            0.475000  0.331976  0.047604
  -91.105  -91.096    4.184    6.007   12.622   14.498   17.096   17.328
            0.476667  0.329090  0.044430
  -91.105  -91.096    4.170    6.000   12.635   14.573   17.003   17.416
            0.478333  0.326203  0.041257
  -91.105  -91.096    4.157    5.993   12.646   14.649   16.909   17.506
            0.480000  0.323316  0.038083
  -91.105  -91.096    4.145    5.987   12.657   14.725   16.816   17.596
            0.481667  0.320429  0.034910
  -91.105  -91.096    4.134    5.981   12.667   14.803   16.723   17.687
            0.483333  0.317543  0.031736
  -91.105  -91.096    4.124    5.976   12.675   14.881   16.631   17.778
            0.485000  0.314656  0.028562
  -91.105  -91.096    4.114    5.972   12.683   14.959   16.539   17.870
            0.486667  0.311769  0.025389
  -91.105  -91.096    4.106    5.968   12.690   15.038   16.448   17.961
            0.488333  0.308882  0.022215
  -91.105  -91.096    4.099    5.964   12.696   15.118   16.358   18.051
            0.490000  0.305996  0.019042
  -91.105  -91.096    4.093    5.961   12.701   15.198   16.269   18.139
            0.491667  0.303109  0.015868
  -91.105  -91.096    4.087    5.958   12.705   15.279   16.181   18.224
            0.493333  0.300222  0.012694
  -91.105  -91.096    4.083    5.956   12.709   15.358   16.095   18.304
            0.495000  0.297335  0.009521
  -91.105  -91.096    4.080    5.954   12.711   15.437   16.011   18.376
            0.496667  0.294449  0.006347
  -91.105  -91.096    4.077    5.953   12.713   15.511   15.934   18.435
            0.498333  0.291562  0.003174
  -91.105  -91.096    4.076    5.952   12.714   15.573   15.870   18.475
            0.500000  0.288675  0.000000
  -91.105  -91.096    4.075    5.952   12.715   15.600   15.841   18.489
